<?xml version="1.0" encoding="UTF-8"?>
<testsuite xmlns:xsi="http://www.w3.org/2001/XMLSchema-instance" xsi:noNamespaceSchemaLocation="https://maven.apache.org/surefire/maven-surefire-plugin/xsd/surefire-test-report.xsd" name="TestSuite" time="7.222" tests="4" errors="0" skipped="0" failures="0">
  <properties>
    <property name="gopherProxySet" value="false"/>
    <property name="awt.toolkit" value="sun.lwawt.macosx.LWCToolkit"/>
    <property name="java.specification.version" value="10"/>
    <property name="file.encoding.pkg" value="sun.io"/>
    <property name="sun.cpu.isalist" value=""/>
    <property name="sun.jnu.encoding" value="UTF-8"/>
    <property name="java.class.path" value="/Users/skalaskar/Desktop/Sandeep/RestAutomationFramework/target/test-classes:/Users/skalaskar/Desktop/Sandeep/RestAutomationFramework/target/classes:/Users/skalaskar/.m2/repository/io/rest-assured/rest-assured/4.1.2/rest-assured-4.1.2.jar:/Users/skalaskar/.m2/repository/org/codehaus/groovy/groovy/2.5.8/groovy-2.5.8.jar:/Users/skalaskar/.m2/repository/org/codehaus/groovy/groovy-xml/2.5.8/groovy-xml-2.5.8.jar:/Users/skalaskar/.m2/repository/org/apache/httpcomponents/httpclient/4.5.3/httpclient-4.5.3.jar:/Users/skalaskar/.m2/repository/org/apache/httpcomponents/httpcore/4.4.6/httpcore-4.4.6.jar:/Users/skalaskar/.m2/repository/commons-logging/commons-logging/1.2/commons-logging-1.2.jar:/Users/skalaskar/.m2/repository/org/apache/httpcomponents/httpmime/4.5.3/httpmime-4.5.3.jar:/Users/skalaskar/.m2/repository/org/hamcrest/hamcrest/2.1/hamcrest-2.1.jar:/Users/skalaskar/.m2/repository/org/ccil/cowan/tagsoup/tagsoup/1.2.1/tagsoup-1.2.1.jar:/Users/skalaskar/.m2/repository/io/rest-assured/json-path/4.1.2/json-path-4.1.2.jar:/Users/skalaskar/.m2/repository/org/codehaus/groovy/groovy-json/2.5.8/groovy-json-2.5.8.jar:/Users/skalaskar/.m2/repository/io/rest-assured/rest-assured-common/4.1.2/rest-assured-common-4.1.2.jar:/Users/skalaskar/.m2/repository/io/rest-assured/xml-path/4.1.2/xml-path-4.1.2.jar:/Users/skalaskar/.m2/repository/org/apache/commons/commons-lang3/3.4/commons-lang3-3.4.jar:/Users/skalaskar/.m2/repository/javax/xml/bind/jaxb-api/2.3.1/jaxb-api-2.3.1.jar:/Users/skalaskar/.m2/repository/javax/activation/javax.activation-api/1.2.0/javax.activation-api-1.2.0.jar:/Users/skalaskar/.m2/repository/com/sun/xml/bind/jaxb-osgi/2.3.0.1/jaxb-osgi-2.3.0.1.jar:/Users/skalaskar/.m2/repository/org/apache/sling/org.apache.sling.javax.activation/0.1.0/org.apache.sling.javax.activation-0.1.0.jar:/Users/skalaskar/.m2/repository/javax/activation/activation/1.1.1/activation-1.1.1.jar:/Users/skalaskar/.m2/repository/com/googlecode/json-simple/json-simple/1.1.1/json-simple-1.1.1.jar:/Users/skalaskar/.m2/repository/junit/junit/4.10/junit-4.10.jar:/Users/skalaskar/.m2/repository/org/hamcrest/hamcrest-core/1.1/hamcrest-core-1.1.jar:/Users/skalaskar/.m2/repository/org/apache/poi/poi/4.1.1/poi-4.1.1.jar:/Users/skalaskar/.m2/repository/commons-codec/commons-codec/1.13/commons-codec-1.13.jar:/Users/skalaskar/.m2/repository/org/apache/commons/commons-collections4/4.4/commons-collections4-4.4.jar:/Users/skalaskar/.m2/repository/org/apache/commons/commons-math3/3.6.1/commons-math3-3.6.1.jar:/Users/skalaskar/.m2/repository/org/apache/poi/poi-ooxml/4.1.1/poi-ooxml-4.1.1.jar:/Users/skalaskar/.m2/repository/org/apache/poi/poi-ooxml-schemas/4.1.1/poi-ooxml-schemas-4.1.1.jar:/Users/skalaskar/.m2/repository/org/apache/xmlbeans/xmlbeans/3.1.0/xmlbeans-3.1.0.jar:/Users/skalaskar/.m2/repository/org/apache/commons/commons-compress/1.19/commons-compress-1.19.jar:/Users/skalaskar/.m2/repository/com/github/virtuald/curvesapi/1.06/curvesapi-1.06.jar:/Users/skalaskar/.m2/repository/org/testng/testng/7.0.0/testng-7.0.0.jar:/Users/skalaskar/.m2/repository/com/beust/jcommander/1.72/jcommander-1.72.jar:/Users/skalaskar/.m2/repository/log4j/log4j/1.2.17/log4j-1.2.17.jar:/Users/skalaskar/.m2/repository/com/aventstack/extentreports/4.1.1/extentreports-4.1.1.jar:/Users/skalaskar/.m2/repository/org/freemarker/freemarker/2.3.29/freemarker-2.3.29.jar:/Users/skalaskar/.m2/repository/com/google/code/gson/gson/2.8.6/gson-2.8.6.jar:/Users/skalaskar/.m2/repository/org/mongodb/mongodb-driver/3.12.0/mongodb-driver-3.12.0.jar:/Users/skalaskar/.m2/repository/org/mongodb/mongodb-driver-core/3.12.0/mongodb-driver-core-3.12.0.jar:/Users/skalaskar/.m2/repository/org/mongodb/bson/3.12.0/bson-3.12.0.jar:"/>
    <property name="java.vm.vendor" value="&quot;Oracle Corporation&quot;"/>
    <property name="sun.arch.data.model" value="64"/>
    <property name="java.vendor.url" value="http://java.oracle.com/"/>
    <property name="user.timezone" value=""/>
    <property name="java.vm.specification.version" value="10"/>
    <property name="os.name" value="Mac OS X"/>
    <property name="sun.java.launcher" value="SUN_STANDARD"/>
    <property name="user.country" value="IN"/>
    <property name="sun.boot.library.path" value="/Library/Java/JavaVirtualMachines/jdk-10.0.1.jdk/Contents/Home/lib"/>
    <property name="sun.java.command" value="/Users/skalaskar/Desktop/Sandeep/RestAutomationFramework/target/surefire/surefirebooter6751411044115377643.jar /Users/skalaskar/Desktop/Sandeep/RestAutomationFramework/target/surefire 2020-02-11T19-30-02_449-jvmRun1 surefire15399698193991222185tmp surefire_09522242191400345713tmp"/>
    <property name="http.nonProxyHosts" value="local|*.local|169.254/16|*.169.254/16"/>
    <property name="jdk.debug" value="release"/>
    <property name="surefire.test.class.path" value="/Users/skalaskar/Desktop/Sandeep/RestAutomationFramework/target/test-classes:/Users/skalaskar/Desktop/Sandeep/RestAutomationFramework/target/classes:/Users/skalaskar/.m2/repository/io/rest-assured/rest-assured/4.1.2/rest-assured-4.1.2.jar:/Users/skalaskar/.m2/repository/org/codehaus/groovy/groovy/2.5.8/groovy-2.5.8.jar:/Users/skalaskar/.m2/repository/org/codehaus/groovy/groovy-xml/2.5.8/groovy-xml-2.5.8.jar:/Users/skalaskar/.m2/repository/org/apache/httpcomponents/httpclient/4.5.3/httpclient-4.5.3.jar:/Users/skalaskar/.m2/repository/org/apache/httpcomponents/httpcore/4.4.6/httpcore-4.4.6.jar:/Users/skalaskar/.m2/repository/commons-logging/commons-logging/1.2/commons-logging-1.2.jar:/Users/skalaskar/.m2/repository/org/apache/httpcomponents/httpmime/4.5.3/httpmime-4.5.3.jar:/Users/skalaskar/.m2/repository/org/hamcrest/hamcrest/2.1/hamcrest-2.1.jar:/Users/skalaskar/.m2/repository/org/ccil/cowan/tagsoup/tagsoup/1.2.1/tagsoup-1.2.1.jar:/Users/skalaskar/.m2/repository/io/rest-assured/json-path/4.1.2/json-path-4.1.2.jar:/Users/skalaskar/.m2/repository/org/codehaus/groovy/groovy-json/2.5.8/groovy-json-2.5.8.jar:/Users/skalaskar/.m2/repository/io/rest-assured/rest-assured-common/4.1.2/rest-assured-common-4.1.2.jar:/Users/skalaskar/.m2/repository/io/rest-assured/xml-path/4.1.2/xml-path-4.1.2.jar:/Users/skalaskar/.m2/repository/org/apache/commons/commons-lang3/3.4/commons-lang3-3.4.jar:/Users/skalaskar/.m2/repository/javax/xml/bind/jaxb-api/2.3.1/jaxb-api-2.3.1.jar:/Users/skalaskar/.m2/repository/javax/activation/javax.activation-api/1.2.0/javax.activation-api-1.2.0.jar:/Users/skalaskar/.m2/repository/com/sun/xml/bind/jaxb-osgi/2.3.0.1/jaxb-osgi-2.3.0.1.jar:/Users/skalaskar/.m2/repository/org/apache/sling/org.apache.sling.javax.activation/0.1.0/org.apache.sling.javax.activation-0.1.0.jar:/Users/skalaskar/.m2/repository/javax/activation/activation/1.1.1/activation-1.1.1.jar:/Users/skalaskar/.m2/repository/com/googlecode/json-simple/json-simple/1.1.1/json-simple-1.1.1.jar:/Users/skalaskar/.m2/repository/junit/junit/4.10/junit-4.10.jar:/Users/skalaskar/.m2/repository/org/hamcrest/hamcrest-core/1.1/hamcrest-core-1.1.jar:/Users/skalaskar/.m2/repository/org/apache/poi/poi/4.1.1/poi-4.1.1.jar:/Users/skalaskar/.m2/repository/commons-codec/commons-codec/1.13/commons-codec-1.13.jar:/Users/skalaskar/.m2/repository/org/apache/commons/commons-collections4/4.4/commons-collections4-4.4.jar:/Users/skalaskar/.m2/repository/org/apache/commons/commons-math3/3.6.1/commons-math3-3.6.1.jar:/Users/skalaskar/.m2/repository/org/apache/poi/poi-ooxml/4.1.1/poi-ooxml-4.1.1.jar:/Users/skalaskar/.m2/repository/org/apache/poi/poi-ooxml-schemas/4.1.1/poi-ooxml-schemas-4.1.1.jar:/Users/skalaskar/.m2/repository/org/apache/xmlbeans/xmlbeans/3.1.0/xmlbeans-3.1.0.jar:/Users/skalaskar/.m2/repository/org/apache/commons/commons-compress/1.19/commons-compress-1.19.jar:/Users/skalaskar/.m2/repository/com/github/virtuald/curvesapi/1.06/curvesapi-1.06.jar:/Users/skalaskar/.m2/repository/org/testng/testng/7.0.0/testng-7.0.0.jar:/Users/skalaskar/.m2/repository/com/beust/jcommander/1.72/jcommander-1.72.jar:/Users/skalaskar/.m2/repository/log4j/log4j/1.2.17/log4j-1.2.17.jar:/Users/skalaskar/.m2/repository/com/aventstack/extentreports/4.1.1/extentreports-4.1.1.jar:/Users/skalaskar/.m2/repository/org/freemarker/freemarker/2.3.29/freemarker-2.3.29.jar:/Users/skalaskar/.m2/repository/com/google/code/gson/gson/2.8.6/gson-2.8.6.jar:/Users/skalaskar/.m2/repository/org/mongodb/mongodb-driver/3.12.0/mongodb-driver-3.12.0.jar:/Users/skalaskar/.m2/repository/org/mongodb/mongodb-driver-core/3.12.0/mongodb-driver-core-3.12.0.jar:/Users/skalaskar/.m2/repository/org/mongodb/bson/3.12.0/bson-3.12.0.jar:"/>
    <property name="sun.cpu.endian" value="little"/>
    <property name="user.home" value="/Users/skalaskar"/>
    <property name="user.language" value="en"/>
    <property name="java.specification.vendor" value="Oracle Corporation"/>
    <property name="java.version.date" value="2018-04-17"/>
    <property name="java.home" value="/Library/Java/JavaVirtualMachines/jdk-10.0.1.jdk/Contents/Home"/>
    <property name="file.separator" value="/"/>
    <property name="basedir" value="/Users/skalaskar/Desktop/Sandeep/RestAutomationFramework"/>
    <property name="java.vm.compressedOopsMode" value="Zero based"/>
    <property name="line.separator" value="&#10;"/>
    <property name="java.specification.name" value="Java Platform API Specification"/>
    <property name="java.vm.specification.vendor" value="Oracle Corporation"/>
    <property name="java.awt.graphicsenv" value="sun.awt.CGraphicsEnvironment"/>
    <property name="surefire.real.class.path" value="/Users/skalaskar/Desktop/Sandeep/RestAutomationFramework/target/surefire/surefirebooter6751411044115377643.jar"/>
    <property name="sun.management.compiler" value="HotSpot 64-Bit Tiered Compilers"/>
    <property name="ftp.nonProxyHosts" value="local|*.local|169.254/16|*.169.254/16"/>
    <property name="java.runtime.version" value="10.0.1+10"/>
    <property name="user.name" value="skalaskar"/>
    <property name="path.separator" value=":"/>
    <property name="os.version" value="10.14.6"/>
    <property name="java.runtime.name" value="Java(TM) SE Runtime Environment"/>
    <property name="file.encoding" value="UTF-8"/>
    <property name="java.vm.name" value="Java HotSpot(TM) 64-Bit Server VM"/>
    <property name="java.vendor.version" value="18.3"/>
    <property name="localRepository" value="/Users/skalaskar/.m2/repository"/>
    <property name="java.vendor.url.bug" value="http://bugreport.java.com/bugreport/"/>
    <property name="java.io.tmpdir" value="/var/folders/68/tymqtbd17ns227qy89y2d2200000gq/T/"/>
    <property name="java.version" value="10.0.1"/>
    <property name="user.dir" value="/Users/skalaskar/Desktop/Sandeep/RestAutomationFramework"/>
    <property name="os.arch" value="x86_64"/>
    <property name="java.vm.specification.name" value="Java Virtual Machine Specification"/>
    <property name="java.awt.printerjob" value="sun.lwawt.macosx.CPrinterJob"/>
    <property name="sun.os.patch.level" value="unknown"/>
    <property name="java.library.path" value="/Users/skalaskar/Library/Java/Extensions:/Library/Java/Extensions:/Network/Library/Java/Extensions:/System/Library/Java/Extensions:/usr/lib/java:."/>
    <property name="java.vendor" value="Oracle Corporation"/>
    <property name="java.vm.info" value="mixed mode"/>
    <property name="java.vm.version" value="10.0.1+10"/>
    <property name="sun.io.unicode.encoding" value="UnicodeBig"/>
    <property name="java.class.version" value="54.0"/>
    <property name="socksNonProxyHosts" value="local|*.local|169.254/16|*.169.254/16"/>
  </properties>
  <testcase name="check_ResponseBody" classname="testCases.TC_001_Get_All_Emp" time="0.04"/>
  <testcase name="check_StatusCode" classname="testCases.TC_001_Get_All_Emp" time="0.001"/>
  <testcase name="checkResponseBody" classname="testCases.TC_002_Post_New_Emp" time="0.325"/>
  <testcase name="checkStatusCode" classname="testCases.TC_002_Post_New_Emp" time="0.001"/>
</testsuite>