<?xml version="1.0" encoding="UTF-8"?>
<!-- Generated by org.testng.reporters.JUnitReportReporter -->
<testsuite hostname="LP-SKALASKA-MAC.local" failures="0" tests="2" name="testCases.TC_002_Post_New_Emp" time="0.555" errors="0" timestamp="2020-02-04T13:04:32 IST" skipped="0">
  <testcase classname="testCases.TC_002_Post_New_Emp" name="checkResponseBody" time="0.555"/>
  <testcase classname="testCases.TC_002_Post_New_Emp" name="checkStatusCode" time="0.000"/>
</testsuite> <!-- testCases.TC_002_Post_New_Emp -->
