<?xml version="1.0" encoding="UTF-8"?>
<!-- Generated by org.testng.reporters.JUnitReportReporter -->
<testsuite hostname="LP-SKALASKA-MAC.local" failures="0" tests="2" name="testCases.TC_002_Post_New_Emp" time="0.348" errors="0" timestamp="2020-02-11T16:31:07 IST" skipped="0">
  <testcase classname="testCases.TC_002_Post_New_Emp" name="checkStatusCode" time="0.002"/>
  <testcase classname="testCases.TC_002_Post_New_Emp" name="checkResponseBody" time="0.346"/>
</testsuite> <!-- testCases.TC_002_Post_New_Emp -->
