<?xml version="1.0" encoding="UTF-8"?>
<!-- Generated by org.testng.reporters.JUnitReportReporter -->
<testsuite hostname="LP-SKALASKA-MAC.local" failures="0" tests="2" name="testCases.TC_001_Get_All_Emp" time="0.035" errors="0" timestamp="2020-02-11T19:30:10 IST" skipped="0">
  <testcase classname="testCases.TC_001_Get_All_Emp" name="check_ResponseBody" time="0.034"/>
  <testcase classname="testCases.TC_001_Get_All_Emp" name="check_StatusCode" time="0.001"/>
</testsuite> <!-- testCases.TC_001_Get_All_Emp -->
